The target system is: Linux -  - arm
The host system is: Linux - 4.18.0-15-generic - x86_64
Compiling the C compiler identification source file "CMakeCCompilerId.c" succeeded.
Compiler: /home/e66/imx/gcc-linaro-7.3.1-2018.05-x86_64_arm-linux-gnueabihf/bin/arm-linux-gnueabihf-gcc 
Build flags: 
Id flags:  

The output was:
0


Compilation of the C compiler identification source "CMakeCCompilerId.c" produced "a.out"

The C compiler identification is GNU, found in "/home/e66/git_work/linux_app_ins_arm_prj/build/CMakeFiles/3.10.2/CompilerIdC/a.out"

Compiling the CXX compiler identification source file "CMakeCXXCompilerId.cpp" succeeded.
Compiler: /home/e66/imx/gcc-linaro-7.3.1-2018.05-x86_64_arm-linux-gnueabihf/bin/arm-linux-gnueabihf-g++ 
Build flags: 
Id flags:  

The output was:
0


Compilation of the CXX compiler identification source "CMakeCXXCompilerId.cpp" produced "a.out"

The CXX compiler identification is GNU, found in "/home/e66/git_work/linux_app_ins_arm_prj/build/CMakeFiles/3.10.2/CompilerIdCXX/a.out"

Detecting C compiler ABI info compiled with the following output:
Change Dir: /home/e66/git_work/linux_app_ins_arm_prj/build/CMakeFiles/CMakeTmp

Run Build Command:"/usr/bin/make" "cmTC_473ff/fast"
/usr/bin/make -f CMakeFiles/cmTC_473ff.dir/build.make CMakeFiles/cmTC_473ff.dir/build
make[1]: 进入目录“/home/e66/git_work/linux_app_ins_arm_prj/build/CMakeFiles/CMakeTmp”
Building C object CMakeFiles/cmTC_473ff.dir/CMakeCCompilerABI.c.o
/home/e66/imx/gcc-linaro-7.3.1-2018.05-x86_64_arm-linux-gnueabihf/bin/arm-linux-gnueabihf-gcc    -o CMakeFiles/cmTC_473ff.dir/CMakeCCompilerABI.c.o   -c /usr/share/cmake-3.10/Modules/CMakeCCompilerABI.c
Linking C executable cmTC_473ff
/usr/bin/cmake -E cmake_link_script CMakeFiles/cmTC_473ff.dir/link.txt --verbose=1
/home/e66/imx/gcc-linaro-7.3.1-2018.05-x86_64_arm-linux-gnueabihf/bin/arm-linux-gnueabihf-gcc     -v CMakeFiles/cmTC_473ff.dir/CMakeCCompilerABI.c.o  -o cmTC_473ff 
使用内建 specs。
COLLECT_GCC=/home/e66/imx/gcc-linaro-7.3.1-2018.05-x86_64_arm-linux-gnueabihf/bin/arm-linux-gnueabihf-gcc
COLLECT_LTO_WRAPPER=/home/e66/imx/gcc-linaro-7.3.1-2018.05-x86_64_arm-linux-gnueabihf/bin/../libexec/gcc/arm-linux-gnueabihf/7.3.1/lto-wrapper
目标：arm-linux-gnueabihf
配置为：'/home/tcwg-buildslave/workspace/tcwg-make-release/builder_arch/amd64/label/tcwg-x86_64-build/target/arm-linux-gnueabihf/snapshots/gcc.git~linaro-7.3-2018.05/configure' SHELL=/bin/bash --with-mpc=/home/tcwg-buildslave/workspace/tcwg-make-release/builder_arch/amd64/label/tcwg-x86_64-build/target/arm-linux-gnueabihf/_build/builds/destdir/x86_64-unknown-linux-gnu --with-mpfr=/home/tcwg-buildslave/workspace/tcwg-make-release/builder_arch/amd64/label/tcwg-x86_64-build/target/arm-linux-gnueabihf/_build/builds/destdir/x86_64-unknown-linux-gnu --with-gmp=/home/tcwg-buildslave/workspace/tcwg-make-release/builder_arch/amd64/label/tcwg-x86_64-build/target/arm-linux-gnueabihf/_build/builds/destdir/x86_64-unknown-linux-gnu --with-gnu-as --with-gnu-ld --disable-libmudflap --enable-lto --enable-shared --without-included-gettext --enable-nls --with-system-zlib --disable-sjlj-exceptions --enable-gnu-unique-object --enable-linker-build-id --disable-libstdcxx-pch --enable-c99 --enable-clocale=gnu --enable-libstdcxx-debug --enable-long-long --with-cloog=no --with-ppl=no --with-isl=no --disable-multilib --with-float=hard --with-fpu=vfpv3-d16 --with-mode=thumb --with-tune=cortex-a9 --with-arch=armv7-a --enable-threads=posix --enable-multiarch --enable-libstdcxx-time=yes --enable-gnu-indirect-function --with-build-sysroot=/home/tcwg-buildslave/workspace/tcwg-make-release/builder_arch/amd64/label/tcwg-x86_64-build/target/arm-linux-gnueabihf/_build/sysroots/arm-linux-gnueabihf --with-sysroot=/home/tcwg-buildslave/workspace/tcwg-make-release/builder_arch/amd64/label/tcwg-x86_64-build/target/arm-linux-gnueabihf/_build/builds/destdir/x86_64-unknown-linux-gnu/arm-linux-gnueabihf/libc --enable-checking=release --disable-bootstrap --enable-languages=c,c++,fortran,lto --build=x86_64-unknown-linux-gnu --host=x86_64-unknown-linux-gnu --target=arm-linux-gnueabihf --prefix=/home/tcwg-buildslave/workspace/tcwg-make-release/builder_arch/amd64/label/tcwg-x86_64-build/target/arm-linux-gnueabihf/_build/builds/destdir/x86_64-unknown-linux-gnu
线程模型：posix
gcc 版本 7.3.1 20180425 [linaro-7.3-2018.05 revision d29120a424ecfbc167ef90065c0eeb7f91977701] (Linaro GCC 7.3-2018.05) 
COMPILER_PATH=/home/e66/imx/gcc-linaro-7.3.1-2018.05-x86_64_arm-linux-gnueabihf/bin/../libexec/gcc/arm-linux-gnueabihf/7.3.1/:/home/e66/imx/gcc-linaro-7.3.1-2018.05-x86_64_arm-linux-gnueabihf/bin/../libexec/gcc/arm-linux-gnueabihf/:/home/e66/imx/gcc-linaro-7.3.1-2018.05-x86_64_arm-linux-gnueabihf/bin/../libexec/gcc/:/home/e66/imx/gcc-linaro-7.3.1-2018.05-x86_64_arm-linux-gnueabihf/bin/../lib/gcc/arm-linux-gnueabihf/7.3.1/../../../../arm-linux-gnueabihf/bin/
LIBRARY_PATH=/home/e66/imx/gcc-linaro-7.3.1-2018.05-x86_64_arm-linux-gnueabihf/bin/../lib/gcc/arm-linux-gnueabihf/7.3.1/:/home/e66/imx/gcc-linaro-7.3.1-2018.05-x86_64_arm-linux-gnueabihf/bin/../lib/gcc/arm-linux-gnueabihf/:/home/e66/imx/gcc-linaro-7.3.1-2018.05-x86_64_arm-linux-gnueabihf/bin/../lib/gcc/:/home/e66/imx/gcc-linaro-7.3.1-2018.05-x86_64_arm-linux-gnueabihf/bin/../lib/gcc/arm-linux-gnueabihf/7.3.1/../../../../arm-linux-gnueabihf/lib/:/home/e66/imx/gcc-linaro-7.3.1-2018.05-x86_64_arm-linux-gnueabihf/bin/../arm-linux-gnueabihf/libc/lib/:/home/e66/imx/gcc-linaro-7.3.1-2018.05-x86_64_arm-linux-gnueabihf/bin/../arm-linux-gnueabihf/libc/usr/lib/
COLLECT_GCC_OPTIONS='-v' '-o' 'cmTC_473ff' '-march=armv7-a' '-mtune=cortex-a9' '-mfloat-abi=hard' '-mfpu=vfpv3-d16' '-mthumb' '-mtls-dialect=gnu'
 /home/e66/imx/gcc-linaro-7.3.1-2018.05-x86_64_arm-linux-gnueabihf/bin/../libexec/gcc/arm-linux-gnueabihf/7.3.1/collect2 -plugin /home/e66/imx/gcc-linaro-7.3.1-2018.05-x86_64_arm-linux-gnueabihf/bin/../libexec/gcc/arm-linux-gnueabihf/7.3.1/liblto_plugin.so -plugin-opt=/home/e66/imx/gcc-linaro-7.3.1-2018.05-x86_64_arm-linux-gnueabihf/bin/../libexec/gcc/arm-linux-gnueabihf/7.3.1/lto-wrapper -plugin-opt=-fresolution=/tmp/ccHGnDFk.res -plugin-opt=-pass-through=-lgcc -plugin-opt=-pass-through=-lgcc_s -plugin-opt=-pass-through=-lc -plugin-opt=-pass-through=-lgcc -plugin-opt=-pass-through=-lgcc_s --sysroot=/home/e66/imx/gcc-linaro-7.3.1-2018.05-x86_64_arm-linux-gnueabihf/bin/../arm-linux-gnueabihf/libc --build-id --eh-frame-hdr -dynamic-linker /lib/ld-linux-armhf.so.3 -X -m armelf_linux_eabi -o cmTC_473ff /home/e66/imx/gcc-linaro-7.3.1-2018.05-x86_64_arm-linux-gnueabihf/bin/../arm-linux-gnueabihf/libc/usr/lib/crt1.o /home/e66/imx/gcc-linaro-7.3.1-2018.05-x86_64_arm-linux-gnueabihf/bin/../arm-linux-gnueabihf/libc/usr/lib/crti.o /home/e66/imx/gcc-linaro-7.3.1-2018.05-x86_64_arm-linux-gnueabihf/bin/../lib/gcc/arm-linux-gnueabihf/7.3.1/crtbegin.o -L/home/e66/imx/gcc-linaro-7.3.1-2018.05-x86_64_arm-linux-gnueabihf/bin/../lib/gcc/arm-linux-gnueabihf/7.3.1 -L/home/e66/imx/gcc-linaro-7.3.1-2018.05-x86_64_arm-linux-gnueabihf/bin/../lib/gcc/arm-linux-gnueabihf -L/home/e66/imx/gcc-linaro-7.3.1-2018.05-x86_64_arm-linux-gnueabihf/bin/../lib/gcc -L/home/e66/imx/gcc-linaro-7.3.1-2018.05-x86_64_arm-linux-gnueabihf/bin/../lib/gcc/arm-linux-gnueabihf/7.3.1/../../../../arm-linux-gnueabihf/lib -L/home/e66/imx/gcc-linaro-7.3.1-2018.05-x86_64_arm-linux-gnueabihf/bin/../arm-linux-gnueabihf/libc/lib -L/home/e66/imx/gcc-linaro-7.3.1-2018.05-x86_64_arm-linux-gnueabihf/bin/../arm-linux-gnueabihf/libc/usr/lib CMakeFiles/cmTC_473ff.dir/CMakeCCompilerABI.c.o -lgcc --as-needed -lgcc_s --no-as-needed -lc -lgcc --as-needed -lgcc_s --no-as-needed /home/e66/imx/gcc-linaro-7.3.1-2018.05-x86_64_arm-linux-gnueabihf/bin/../lib/gcc/arm-linux-gnueabihf/7.3.1/crtend.o /home/e66/imx/gcc-linaro-7.3.1-2018.05-x86_64_arm-linux-gnueabihf/bin/../arm-linux-gnueabihf/libc/usr/lib/crtn.o
COLLECT_GCC_OPTIONS='-v' '-o' 'cmTC_473ff' '-march=armv7-a' '-mtune=cortex-a9' '-mfloat-abi=hard' '-mfpu=vfpv3-d16' '-mthumb' '-mtls-dialect=gnu'
make[1]: 离开目录“/home/e66/git_work/linux_app_ins_arm_prj/build/CMakeFiles/CMakeTmp”


Parsed C implicit link information from above output:
  link line regex: [^( *|.*[/\])(arm-linux-gnueabihf-ld|CMAKE_LINK_STARTFILE-NOTFOUND|([^/\]+-)?ld|collect2)[^/\]*( |$)]
  ignore line: [Change Dir: /home/e66/git_work/linux_app_ins_arm_prj/build/CMakeFiles/CMakeTmp]
  ignore line: []
  ignore line: [Run Build Command:"/usr/bin/make" "cmTC_473ff/fast"]
  ignore line: [/usr/bin/make -f CMakeFiles/cmTC_473ff.dir/build.make CMakeFiles/cmTC_473ff.dir/build]
  ignore line: [make[1]: 进入目录“/home/e66/git_work/linux_app_ins_arm_prj/build/CMakeFiles/CMakeTmp”]
  ignore line: [Building C object CMakeFiles/cmTC_473ff.dir/CMakeCCompilerABI.c.o]
  ignore line: [/home/e66/imx/gcc-linaro-7.3.1-2018.05-x86_64_arm-linux-gnueabihf/bin/arm-linux-gnueabihf-gcc    -o CMakeFiles/cmTC_473ff.dir/CMakeCCompilerABI.c.o   -c /usr/share/cmake-3.10/Modules/CMakeCCompilerABI.c]
  ignore line: [Linking C executable cmTC_473ff]
  ignore line: [/usr/bin/cmake -E cmake_link_script CMakeFiles/cmTC_473ff.dir/link.txt --verbose=1]
  ignore line: [/home/e66/imx/gcc-linaro-7.3.1-2018.05-x86_64_arm-linux-gnueabihf/bin/arm-linux-gnueabihf-gcc     -v CMakeFiles/cmTC_473ff.dir/CMakeCCompilerABI.c.o  -o cmTC_473ff ]
  ignore line: [使用内建 specs。]
  ignore line: [COLLECT_GCC=/home/e66/imx/gcc-linaro-7.3.1-2018.05-x86_64_arm-linux-gnueabihf/bin/arm-linux-gnueabihf-gcc]
  ignore line: [COLLECT_LTO_WRAPPER=/home/e66/imx/gcc-linaro-7.3.1-2018.05-x86_64_arm-linux-gnueabihf/bin/../libexec/gcc/arm-linux-gnueabihf/7.3.1/lto-wrapper]
  ignore line: [目标：arm-linux-gnueabihf]
  ignore line: [配置为：'/home/tcwg-buildslave/workspace/tcwg-make-release/builder_arch/amd64/label/tcwg-x86_64-build/target/arm-linux-gnueabihf/snapshots/gcc.git~linaro-7.3-2018.05/configure' SHELL=/bin/bash --with-mpc=/home/tcwg-buildslave/workspace/tcwg-make-release/builder_arch/amd64/label/tcwg-x86_64-build/target/arm-linux-gnueabihf/_build/builds/destdir/x86_64-unknown-linux-gnu --with-mpfr=/home/tcwg-buildslave/workspace/tcwg-make-release/builder_arch/amd64/label/tcwg-x86_64-build/target/arm-linux-gnueabihf/_build/builds/destdir/x86_64-unknown-linux-gnu --with-gmp=/home/tcwg-buildslave/workspace/tcwg-make-release/builder_arch/amd64/label/tcwg-x86_64-build/target/arm-linux-gnueabihf/_build/builds/destdir/x86_64-unknown-linux-gnu --with-gnu-as --with-gnu-ld --disable-libmudflap --enable-lto --enable-shared --without-included-gettext --enable-nls --with-system-zlib --disable-sjlj-exceptions --enable-gnu-unique-object --enable-linker-build-id --disable-libstdcxx-pch --enable-c99 --enable-clocale=gnu --enable-libstdcxx-debug --enable-long-long --with-cloog=no --with-ppl=no --with-isl=no --disable-multilib --with-float=hard --with-fpu=vfpv3-d16 --with-mode=thumb --with-tune=cortex-a9 --with-arch=armv7-a --enable-threads=posix --enable-multiarch --enable-libstdcxx-time=yes --enable-gnu-indirect-function --with-build-sysroot=/home/tcwg-buildslave/workspace/tcwg-make-release/builder_arch/amd64/label/tcwg-x86_64-build/target/arm-linux-gnueabihf/_build/sysroots/arm-linux-gnueabihf --with-sysroot=/home/tcwg-buildslave/workspace/tcwg-make-release/builder_arch/amd64/label/tcwg-x86_64-build/target/arm-linux-gnueabihf/_build/builds/destdir/x86_64-unknown-linux-gnu/arm-linux-gnueabihf/libc --enable-checking=release --disable-bootstrap --enable-languages=c,c++,fortran,lto --build=x86_64-unknown-linux-gnu --host=x86_64-unknown-linux-gnu --target=arm-linux-gnueabihf --prefix=/home/tcwg-buildslave/workspace/tcwg-make-release/builder_arch/amd64/label/tcwg-x86_64-build/target/arm-linux-gnueabihf/_build/builds/destdir/x86_64-unknown-linux-gnu]
  ignore line: [线程模型：posix]
  ignore line: [gcc 版本 7.3.1 20180425 [linaro-7.3-2018.05 revision d29120a424ecfbc167ef90065c0eeb7f91977701] (Linaro GCC 7.3-2018.05) ]
  ignore line: [COMPILER_PATH=/home/e66/imx/gcc-linaro-7.3.1-2018.05-x86_64_arm-linux-gnueabihf/bin/../libexec/gcc/arm-linux-gnueabihf/7.3.1/:/home/e66/imx/gcc-linaro-7.3.1-2018.05-x86_64_arm-linux-gnueabihf/bin/../libexec/gcc/arm-linux-gnueabihf/:/home/e66/imx/gcc-linaro-7.3.1-2018.05-x86_64_arm-linux-gnueabihf/bin/../libexec/gcc/:/home/e66/imx/gcc-linaro-7.3.1-2018.05-x86_64_arm-linux-gnueabihf/bin/../lib/gcc/arm-linux-gnueabihf/7.3.1/../../../../arm-linux-gnueabihf/bin/]
  ignore line: [LIBRARY_PATH=/home/e66/imx/gcc-linaro-7.3.1-2018.05-x86_64_arm-linux-gnueabihf/bin/../lib/gcc/arm-linux-gnueabihf/7.3.1/:/home/e66/imx/gcc-linaro-7.3.1-2018.05-x86_64_arm-linux-gnueabihf/bin/../lib/gcc/arm-linux-gnueabihf/:/home/e66/imx/gcc-linaro-7.3.1-2018.05-x86_64_arm-linux-gnueabihf/bin/../lib/gcc/:/home/e66/imx/gcc-linaro-7.3.1-2018.05-x86_64_arm-linux-gnueabihf/bin/../lib/gcc/arm-linux-gnueabihf/7.3.1/../../../../arm-linux-gnueabihf/lib/:/home/e66/imx/gcc-linaro-7.3.1-2018.05-x86_64_arm-linux-gnueabihf/bin/../arm-linux-gnueabihf/libc/lib/:/home/e66/imx/gcc-linaro-7.3.1-2018.05-x86_64_arm-linux-gnueabihf/bin/../arm-linux-gnueabihf/libc/usr/lib/]
  ignore line: [COLLECT_GCC_OPTIONS='-v' '-o' 'cmTC_473ff' '-march=armv7-a' '-mtune=cortex-a9' '-mfloat-abi=hard' '-mfpu=vfpv3-d16' '-mthumb' '-mtls-dialect=gnu']
  link line: [ /home/e66/imx/gcc-linaro-7.3.1-2018.05-x86_64_arm-linux-gnueabihf/bin/../libexec/gcc/arm-linux-gnueabihf/7.3.1/collect2 -plugin /home/e66/imx/gcc-linaro-7.3.1-2018.05-x86_64_arm-linux-gnueabihf/bin/../libexec/gcc/arm-linux-gnueabihf/7.3.1/liblto_plugin.so -plugin-opt=/home/e66/imx/gcc-linaro-7.3.1-2018.05-x86_64_arm-linux-gnueabihf/bin/../libexec/gcc/arm-linux-gnueabihf/7.3.1/lto-wrapper -plugin-opt=-fresolution=/tmp/ccHGnDFk.res -plugin-opt=-pass-through=-lgcc -plugin-opt=-pass-through=-lgcc_s -plugin-opt=-pass-through=-lc -plugin-opt=-pass-through=-lgcc -plugin-opt=-pass-through=-lgcc_s --sysroot=/home/e66/imx/gcc-linaro-7.3.1-2018.05-x86_64_arm-linux-gnueabihf/bin/../arm-linux-gnueabihf/libc --build-id --eh-frame-hdr -dynamic-linker /lib/ld-linux-armhf.so.3 -X -m armelf_linux_eabi -o cmTC_473ff /home/e66/imx/gcc-linaro-7.3.1-2018.05-x86_64_arm-linux-gnueabihf/bin/../arm-linux-gnueabihf/libc/usr/lib/crt1.o /home/e66/imx/gcc-linaro-7.3.1-2018.05-x86_64_arm-linux-gnueabihf/bin/../arm-linux-gnueabihf/libc/usr/lib/crti.o /home/e66/imx/gcc-linaro-7.3.1-2018.05-x86_64_arm-linux-gnueabihf/bin/../lib/gcc/arm-linux-gnueabihf/7.3.1/crtbegin.o -L/home/e66/imx/gcc-linaro-7.3.1-2018.05-x86_64_arm-linux-gnueabihf/bin/../lib/gcc/arm-linux-gnueabihf/7.3.1 -L/home/e66/imx/gcc-linaro-7.3.1-2018.05-x86_64_arm-linux-gnueabihf/bin/../lib/gcc/arm-linux-gnueabihf -L/home/e66/imx/gcc-linaro-7.3.1-2018.05-x86_64_arm-linux-gnueabihf/bin/../lib/gcc -L/home/e66/imx/gcc-linaro-7.3.1-2018.05-x86_64_arm-linux-gnueabihf/bin/../lib/gcc/arm-linux-gnueabihf/7.3.1/../../../../arm-linux-gnueabihf/lib -L/home/e66/imx/gcc-linaro-7.3.1-2018.05-x86_64_arm-linux-gnueabihf/bin/../arm-linux-gnueabihf/libc/lib -L/home/e66/imx/gcc-linaro-7.3.1-2018.05-x86_64_arm-linux-gnueabihf/bin/../arm-linux-gnueabihf/libc/usr/lib CMakeFiles/cmTC_473ff.dir/CMakeCCompilerABI.c.o -lgcc --as-needed -lgcc_s --no-as-needed -lc -lgcc --as-needed -lgcc_s --no-as-needed /home/e66/imx/gcc-linaro-7.3.1-2018.05-x86_64_arm-linux-gnueabihf/bin/../lib/gcc/arm-linux-gnueabihf/7.3.1/crtend.o /home/e66/imx/gcc-linaro-7.3.1-2018.05-x86_64_arm-linux-gnueabihf/bin/../arm-linux-gnueabihf/libc/usr/lib/crtn.o]
    arg [/home/e66/imx/gcc-linaro-7.3.1-2018.05-x86_64_arm-linux-gnueabihf/bin/../libexec/gcc/arm-linux-gnueabihf/7.3.1/collect2] ==> ignore
    arg [-plugin] ==> ignore
    arg [/home/e66/imx/gcc-linaro-7.3.1-2018.05-x86_64_arm-linux-gnueabihf/bin/../libexec/gcc/arm-linux-gnueabihf/7.3.1/liblto_plugin.so] ==> ignore
    arg [-plugin-opt=/home/e66/imx/gcc-linaro-7.3.1-2018.05-x86_64_arm-linux-gnueabihf/bin/../libexec/gcc/arm-linux-gnueabihf/7.3.1/lto-wrapper] ==> ignore
    arg [-plugin-opt=-fresolution=/tmp/ccHGnDFk.res] ==> ignore
    arg [-plugin-opt=-pass-through=-lgcc] ==> ignore
    arg [-plugin-opt=-pass-through=-lgcc_s] ==> ignore
    arg [-plugin-opt=-pass-through=-lc] ==> ignore
    arg [-plugin-opt=-pass-through=-lgcc] ==> ignore
    arg [-plugin-opt=-pass-through=-lgcc_s] ==> ignore
    arg [--sysroot=/home/e66/imx/gcc-linaro-7.3.1-2018.05-x86_64_arm-linux-gnueabihf/bin/../arm-linux-gnueabihf/libc] ==> ignore
    arg [--build-id] ==> ignore
    arg [--eh-frame-hdr] ==> ignore
    arg [-dynamic-linker] ==> ignore
    arg [/lib/ld-linux-armhf.so.3] ==> ignore
    arg [-X] ==> ignore
    arg [-m] ==> ignore
    arg [armelf_linux_eabi] ==> ignore
    arg [-o] ==> ignore
    arg [cmTC_473ff] ==> ignore
    arg [/home/e66/imx/gcc-linaro-7.3.1-2018.05-x86_64_arm-linux-gnueabihf/bin/../arm-linux-gnueabihf/libc/usr/lib/crt1.o] ==> ignore
    arg [/home/e66/imx/gcc-linaro-7.3.1-2018.05-x86_64_arm-linux-gnueabihf/bin/../arm-linux-gnueabihf/libc/usr/lib/crti.o] ==> ignore
    arg [/home/e66/imx/gcc-linaro-7.3.1-2018.05-x86_64_arm-linux-gnueabihf/bin/../lib/gcc/arm-linux-gnueabihf/7.3.1/crtbegin.o] ==> ignore
    arg [-L/home/e66/imx/gcc-linaro-7.3.1-2018.05-x86_64_arm-linux-gnueabihf/bin/../lib/gcc/arm-linux-gnueabihf/7.3.1] ==> dir [/home/e66/imx/gcc-linaro-7.3.1-2018.05-x86_64_arm-linux-gnueabihf/bin/../lib/gcc/arm-linux-gnueabihf/7.3.1]
    arg [-L/home/e66/imx/gcc-linaro-7.3.1-2018.05-x86_64_arm-linux-gnueabihf/bin/../lib/gcc/arm-linux-gnueabihf] ==> dir [/home/e66/imx/gcc-linaro-7.3.1-2018.05-x86_64_arm-linux-gnueabihf/bin/../lib/gcc/arm-linux-gnueabihf]
    arg [-L/home/e66/imx/gcc-linaro-7.3.1-2018.05-x86_64_arm-linux-gnueabihf/bin/../lib/gcc] ==> dir [/home/e66/imx/gcc-linaro-7.3.1-2018.05-x86_64_arm-linux-gnueabihf/bin/../lib/gcc]
    arg [-L/home/e66/imx/gcc-linaro-7.3.1-2018.05-x86_64_arm-linux-gnueabihf/bin/../lib/gcc/arm-linux-gnueabihf/7.3.1/../../../../arm-linux-gnueabihf/lib] ==> dir [/home/e66/imx/gcc-linaro-7.3.1-2018.05-x86_64_arm-linux-gnueabihf/bin/../lib/gcc/arm-linux-gnueabihf/7.3.1/../../../../arm-linux-gnueabihf/lib]
    arg [-L/home/e66/imx/gcc-linaro-7.3.1-2018.05-x86_64_arm-linux-gnueabihf/bin/../arm-linux-gnueabihf/libc/lib] ==> dir [/home/e66/imx/gcc-linaro-7.3.1-2018.05-x86_64_arm-linux-gnueabihf/bin/../arm-linux-gnueabihf/libc/lib]
    arg [-L/home/e66/imx/gcc-linaro-7.3.1-2018.05-x86_64_arm-linux-gnueabihf/bin/../arm-linux-gnueabihf/libc/usr/lib] ==> dir [/home/e66/imx/gcc-linaro-7.3.1-2018.05-x86_64_arm-linux-gnueabihf/bin/../arm-linux-gnueabihf/libc/usr/lib]
    arg [CMakeFiles/cmTC_473ff.dir/CMakeCCompilerABI.c.o] ==> ignore
    arg [-lgcc] ==> lib [gcc]
    arg [--as-needed] ==> ignore
    arg [-lgcc_s] ==> lib [gcc_s]
    arg [--no-as-needed] ==> ignore
    arg [-lc] ==> lib [c]
    arg [-lgcc] ==> lib [gcc]
    arg [--as-needed] ==> ignore
    arg [-lgcc_s] ==> lib [gcc_s]
    arg [--no-as-needed] ==> ignore
    arg [/home/e66/imx/gcc-linaro-7.3.1-2018.05-x86_64_arm-linux-gnueabihf/bin/../lib/gcc/arm-linux-gnueabihf/7.3.1/crtend.o] ==> ignore
    arg [/home/e66/imx/gcc-linaro-7.3.1-2018.05-x86_64_arm-linux-gnueabihf/bin/../arm-linux-gnueabihf/libc/usr/lib/crtn.o] ==> ignore
  collapse library dir [/home/e66/imx/gcc-linaro-7.3.1-2018.05-x86_64_arm-linux-gnueabihf/bin/../lib/gcc/arm-linux-gnueabihf/7.3.1] ==> [/home/e66/imx/gcc-linaro-7.3.1-2018.05-x86_64_arm-linux-gnueabihf/lib/gcc/arm-linux-gnueabihf/7.3.1]
  collapse library dir [/home/e66/imx/gcc-linaro-7.3.1-2018.05-x86_64_arm-linux-gnueabihf/bin/../lib/gcc/arm-linux-gnueabihf] ==> [/home/e66/imx/gcc-linaro-7.3.1-2018.05-x86_64_arm-linux-gnueabihf/lib/gcc/arm-linux-gnueabihf]
  collapse library dir [/home/e66/imx/gcc-linaro-7.3.1-2018.05-x86_64_arm-linux-gnueabihf/bin/../lib/gcc] ==> [/home/e66/imx/gcc-linaro-7.3.1-2018.05-x86_64_arm-linux-gnueabihf/lib/gcc]
  collapse library dir [/home/e66/imx/gcc-linaro-7.3.1-2018.05-x86_64_arm-linux-gnueabihf/bin/../lib/gcc/arm-linux-gnueabihf/7.3.1/../../../../arm-linux-gnueabihf/lib] ==> [/home/e66/imx/gcc-linaro-7.3.1-2018.05-x86_64_arm-linux-gnueabihf/arm-linux-gnueabihf/lib]
  collapse library dir [/home/e66/imx/gcc-linaro-7.3.1-2018.05-x86_64_arm-linux-gnueabihf/bin/../arm-linux-gnueabihf/libc/lib] ==> [/home/e66/imx/gcc-linaro-7.3.1-2018.05-x86_64_arm-linux-gnueabihf/arm-linux-gnueabihf/libc/lib]
  collapse library dir [/home/e66/imx/gcc-linaro-7.3.1-2018.05-x86_64_arm-linux-gnueabihf/bin/../arm-linux-gnueabihf/libc/usr/lib] ==> [/home/e66/imx/gcc-linaro-7.3.1-2018.05-x86_64_arm-linux-gnueabihf/arm-linux-gnueabihf/libc/usr/lib]
  implicit libs: [gcc;gcc_s;c;gcc;gcc_s]
  implicit dirs: [/home/e66/imx/gcc-linaro-7.3.1-2018.05-x86_64_arm-linux-gnueabihf/lib/gcc/arm-linux-gnueabihf/7.3.1;/home/e66/imx/gcc-linaro-7.3.1-2018.05-x86_64_arm-linux-gnueabihf/lib/gcc/arm-linux-gnueabihf;/home/e66/imx/gcc-linaro-7.3.1-2018.05-x86_64_arm-linux-gnueabihf/lib/gcc;/home/e66/imx/gcc-linaro-7.3.1-2018.05-x86_64_arm-linux-gnueabihf/arm-linux-gnueabihf/lib;/home/e66/imx/gcc-linaro-7.3.1-2018.05-x86_64_arm-linux-gnueabihf/arm-linux-gnueabihf/libc/lib;/home/e66/imx/gcc-linaro-7.3.1-2018.05-x86_64_arm-linux-gnueabihf/arm-linux-gnueabihf/libc/usr/lib]
  implicit fwks: []




Detecting C [-std=c11] compiler features compiled with the following output:
Change Dir: /home/e66/git_work/linux_app_ins_arm_prj/build/CMakeFiles/CMakeTmp

Run Build Command:"/usr/bin/make" "cmTC_30343/fast"
/usr/bin/make -f CMakeFiles/cmTC_30343.dir/build.make CMakeFiles/cmTC_30343.dir/build
make[1]: 进入目录“/home/e66/git_work/linux_app_ins_arm_prj/build/CMakeFiles/CMakeTmp”
Building C object CMakeFiles/cmTC_30343.dir/feature_tests.c.o
/home/e66/imx/gcc-linaro-7.3.1-2018.05-x86_64_arm-linux-gnueabihf/bin/arm-linux-gnueabihf-gcc   -std=c11 -o CMakeFiles/cmTC_30343.dir/feature_tests.c.o   -c /home/e66/git_work/linux_app_ins_arm_prj/build/CMakeFiles/feature_tests.c
Linking C executable cmTC_30343
/usr/bin/cmake -E cmake_link_script CMakeFiles/cmTC_30343.dir/link.txt --verbose=1
/home/e66/imx/gcc-linaro-7.3.1-2018.05-x86_64_arm-linux-gnueabihf/bin/arm-linux-gnueabihf-gcc      CMakeFiles/cmTC_30343.dir/feature_tests.c.o  -o cmTC_30343 
make[1]: 离开目录“/home/e66/git_work/linux_app_ins_arm_prj/build/CMakeFiles/CMakeTmp”


    Feature record: C_FEATURE:1c_function_prototypes
    Feature record: C_FEATURE:1c_restrict
    Feature record: C_FEATURE:1c_static_assert
    Feature record: C_FEATURE:1c_variadic_macros


Detecting C [-std=c99] compiler features compiled with the following output:
Change Dir: /home/e66/git_work/linux_app_ins_arm_prj/build/CMakeFiles/CMakeTmp

Run Build Command:"/usr/bin/make" "cmTC_24eea/fast"
/usr/bin/make -f CMakeFiles/cmTC_24eea.dir/build.make CMakeFiles/cmTC_24eea.dir/build
make[1]: 进入目录“/home/e66/git_work/linux_app_ins_arm_prj/build/CMakeFiles/CMakeTmp”
Building C object CMakeFiles/cmTC_24eea.dir/feature_tests.c.o
/home/e66/imx/gcc-linaro-7.3.1-2018.05-x86_64_arm-linux-gnueabihf/bin/arm-linux-gnueabihf-gcc   -std=c99 -o CMakeFiles/cmTC_24eea.dir/feature_tests.c.o   -c /home/e66/git_work/linux_app_ins_arm_prj/build/CMakeFiles/feature_tests.c
Linking C executable cmTC_24eea
/usr/bin/cmake -E cmake_link_script CMakeFiles/cmTC_24eea.dir/link.txt --verbose=1
/home/e66/imx/gcc-linaro-7.3.1-2018.05-x86_64_arm-linux-gnueabihf/bin/arm-linux-gnueabihf-gcc      CMakeFiles/cmTC_24eea.dir/feature_tests.c.o  -o cmTC_24eea 
make[1]: 离开目录“/home/e66/git_work/linux_app_ins_arm_prj/build/CMakeFiles/CMakeTmp”


    Feature record: C_FEATURE:1c_function_prototypes
    Feature record: C_FEATURE:1c_restrict
    Feature record: C_FEATURE:0c_static_assert
    Feature record: C_FEATURE:1c_variadic_macros


Detecting C [-std=c90] compiler features compiled with the following output:
Change Dir: /home/e66/git_work/linux_app_ins_arm_prj/build/CMakeFiles/CMakeTmp

Run Build Command:"/usr/bin/make" "cmTC_e34e4/fast"
/usr/bin/make -f CMakeFiles/cmTC_e34e4.dir/build.make CMakeFiles/cmTC_e34e4.dir/build
make[1]: 进入目录“/home/e66/git_work/linux_app_ins_arm_prj/build/CMakeFiles/CMakeTmp”
Building C object CMakeFiles/cmTC_e34e4.dir/feature_tests.c.o
/home/e66/imx/gcc-linaro-7.3.1-2018.05-x86_64_arm-linux-gnueabihf/bin/arm-linux-gnueabihf-gcc   -std=c90 -o CMakeFiles/cmTC_e34e4.dir/feature_tests.c.o   -c /home/e66/git_work/linux_app_ins_arm_prj/build/CMakeFiles/feature_tests.c
Linking C executable cmTC_e34e4
/usr/bin/cmake -E cmake_link_script CMakeFiles/cmTC_e34e4.dir/link.txt --verbose=1
/home/e66/imx/gcc-linaro-7.3.1-2018.05-x86_64_arm-linux-gnueabihf/bin/arm-linux-gnueabihf-gcc      CMakeFiles/cmTC_e34e4.dir/feature_tests.c.o  -o cmTC_e34e4 
make[1]: 离开目录“/home/e66/git_work/linux_app_ins_arm_prj/build/CMakeFiles/CMakeTmp”


    Feature record: C_FEATURE:1c_function_prototypes
    Feature record: C_FEATURE:0c_restrict
    Feature record: C_FEATURE:0c_static_assert
    Feature record: C_FEATURE:0c_variadic_macros
Detecting CXX compiler ABI info compiled with the following output:
Change Dir: /home/e66/git_work/linux_app_ins_arm_prj/build/CMakeFiles/CMakeTmp

Run Build Command:"/usr/bin/make" "cmTC_71720/fast"
/usr/bin/make -f CMakeFiles/cmTC_71720.dir/build.make CMakeFiles/cmTC_71720.dir/build
make[1]: 进入目录“/home/e66/git_work/linux_app_ins_arm_prj/build/CMakeFiles/CMakeTmp”
Building CXX object CMakeFiles/cmTC_71720.dir/CMakeCXXCompilerABI.cpp.o
/home/e66/imx/gcc-linaro-7.3.1-2018.05-x86_64_arm-linux-gnueabihf/bin/arm-linux-gnueabihf-g++     -o CMakeFiles/cmTC_71720.dir/CMakeCXXCompilerABI.cpp.o -c /usr/share/cmake-3.10/Modules/CMakeCXXCompilerABI.cpp
Linking CXX executable cmTC_71720
/usr/bin/cmake -E cmake_link_script CMakeFiles/cmTC_71720.dir/link.txt --verbose=1
/home/e66/imx/gcc-linaro-7.3.1-2018.05-x86_64_arm-linux-gnueabihf/bin/arm-linux-gnueabihf-g++      -v CMakeFiles/cmTC_71720.dir/CMakeCXXCompilerABI.cpp.o  -o cmTC_71720 
使用内建 specs。
COLLECT_GCC=/home/e66/imx/gcc-linaro-7.3.1-2018.05-x86_64_arm-linux-gnueabihf/bin/arm-linux-gnueabihf-g++
COLLECT_LTO_WRAPPER=/home/e66/imx/gcc-linaro-7.3.1-2018.05-x86_64_arm-linux-gnueabihf/bin/../libexec/gcc/arm-linux-gnueabihf/7.3.1/lto-wrapper
目标：arm-linux-gnueabihf
配置为：'/home/tcwg-buildslave/workspace/tcwg-make-release/builder_arch/amd64/label/tcwg-x86_64-build/target/arm-linux-gnueabihf/snapshots/gcc.git~linaro-7.3-2018.05/configure' SHELL=/bin/bash --with-mpc=/home/tcwg-buildslave/workspace/tcwg-make-release/builder_arch/amd64/label/tcwg-x86_64-build/target/arm-linux-gnueabihf/_build/builds/destdir/x86_64-unknown-linux-gnu --with-mpfr=/home/tcwg-buildslave/workspace/tcwg-make-release/builder_arch/amd64/label/tcwg-x86_64-build/target/arm-linux-gnueabihf/_build/builds/destdir/x86_64-unknown-linux-gnu --with-gmp=/home/tcwg-buildslave/workspace/tcwg-make-release/builder_arch/amd64/label/tcwg-x86_64-build/target/arm-linux-gnueabihf/_build/builds/destdir/x86_64-unknown-linux-gnu --with-gnu-as --with-gnu-ld --disable-libmudflap --enable-lto --enable-shared --without-included-gettext --enable-nls --with-system-zlib --disable-sjlj-exceptions --enable-gnu-unique-object --enable-linker-build-id --disable-libstdcxx-pch --enable-c99 --enable-clocale=gnu --enable-libstdcxx-debug --enable-long-long --with-cloog=no --with-ppl=no --with-isl=no --disable-multilib --with-float=hard --with-fpu=vfpv3-d16 --with-mode=thumb --with-tune=cortex-a9 --with-arch=armv7-a --enable-threads=posix --enable-multiarch --enable-libstdcxx-time=yes --enable-gnu-indirect-function --with-build-sysroot=/home/tcwg-buildslave/workspace/tcwg-make-release/builder_arch/amd64/label/tcwg-x86_64-build/target/arm-linux-gnueabihf/_build/sysroots/arm-linux-gnueabihf --with-sysroot=/home/tcwg-buildslave/workspace/tcwg-make-release/builder_arch/amd64/label/tcwg-x86_64-build/target/arm-linux-gnueabihf/_build/builds/destdir/x86_64-unknown-linux-gnu/arm-linux-gnueabihf/libc --enable-checking=release --disable-bootstrap --enable-languages=c,c++,fortran,lto --build=x86_64-unknown-linux-gnu --host=x86_64-unknown-linux-gnu --target=arm-linux-gnueabihf --prefix=/home/tcwg-buildslave/workspace/tcwg-make-release/builder_arch/amd64/label/tcwg-x86_64-build/target/arm-linux-gnueabihf/_build/builds/destdir/x86_64-unknown-linux-gnu
线程模型：posix
gcc 版本 7.3.1 20180425 [linaro-7.3-2018.05 revision d29120a424ecfbc167ef90065c0eeb7f91977701] (Linaro GCC 7.3-2018.05) 
COMPILER_PATH=/home/e66/imx/gcc-linaro-7.3.1-2018.05-x86_64_arm-linux-gnueabihf/bin/../libexec/gcc/arm-linux-gnueabihf/7.3.1/:/home/e66/imx/gcc-linaro-7.3.1-2018.05-x86_64_arm-linux-gnueabihf/bin/../libexec/gcc/arm-linux-gnueabihf/:/home/e66/imx/gcc-linaro-7.3.1-2018.05-x86_64_arm-linux-gnueabihf/bin/../libexec/gcc/:/home/e66/imx/gcc-linaro-7.3.1-2018.05-x86_64_arm-linux-gnueabihf/bin/../lib/gcc/arm-linux-gnueabihf/7.3.1/../../../../arm-linux-gnueabihf/bin/
LIBRARY_PATH=/home/e66/imx/gcc-linaro-7.3.1-2018.05-x86_64_arm-linux-gnueabihf/bin/../lib/gcc/arm-linux-gnueabihf/7.3.1/:/home/e66/imx/gcc-linaro-7.3.1-2018.05-x86_64_arm-linux-gnueabihf/bin/../lib/gcc/arm-linux-gnueabihf/:/home/e66/imx/gcc-linaro-7.3.1-2018.05-x86_64_arm-linux-gnueabihf/bin/../lib/gcc/:/home/e66/imx/gcc-linaro-7.3.1-2018.05-x86_64_arm-linux-gnueabihf/bin/../lib/gcc/arm-linux-gnueabihf/7.3.1/../../../../arm-linux-gnueabihf/lib/:/home/e66/imx/gcc-linaro-7.3.1-2018.05-x86_64_arm-linux-gnueabihf/bin/../arm-linux-gnueabihf/libc/lib/:/home/e66/imx/gcc-linaro-7.3.1-2018.05-x86_64_arm-linux-gnueabihf/bin/../arm-linux-gnueabihf/libc/usr/lib/
COLLECT_GCC_OPTIONS='-v' '-o' 'cmTC_71720' '-shared-libgcc' '-march=armv7-a' '-mtune=cortex-a9' '-mfloat-abi=hard' '-mfpu=vfpv3-d16' '-mthumb' '-mtls-dialect=gnu'
 /home/e66/imx/gcc-linaro-7.3.1-2018.05-x86_64_arm-linux-gnueabihf/bin/../libexec/gcc/arm-linux-gnueabihf/7.3.1/collect2 -plugin /home/e66/imx/gcc-linaro-7.3.1-2018.05-x86_64_arm-linux-gnueabihf/bin/../libexec/gcc/arm-linux-gnueabihf/7.3.1/liblto_plugin.so -plugin-opt=/home/e66/imx/gcc-linaro-7.3.1-2018.05-x86_64_arm-linux-gnueabihf/bin/../libexec/gcc/arm-linux-gnueabihf/7.3.1/lto-wrapper -plugin-opt=-fresolution=/tmp/ccOWyNLG.res -plugin-opt=-pass-through=-lgcc_s -plugin-opt=-pass-through=-lgcc -plugin-opt=-pass-through=-lc -plugin-opt=-pass-through=-lgcc_s -plugin-opt=-pass-through=-lgcc --sysroot=/home/e66/imx/gcc-linaro-7.3.1-2018.05-x86_64_arm-linux-gnueabihf/bin/../arm-linux-gnueabihf/libc --build-id --eh-frame-hdr -dynamic-linker /lib/ld-linux-armhf.so.3 -X -m armelf_linux_eabi -o cmTC_71720 /home/e66/imx/gcc-linaro-7.3.1-2018.05-x86_64_arm-linux-gnueabihf/bin/../arm-linux-gnueabihf/libc/usr/lib/crt1.o /home/e66/imx/gcc-linaro-7.3.1-2018.05-x86_64_arm-linux-gnueabihf/bin/../arm-linux-gnueabihf/libc/usr/lib/crti.o /home/e66/imx/gcc-linaro-7.3.1-2018.05-x86_64_arm-linux-gnueabihf/bin/../lib/gcc/arm-linux-gnueabihf/7.3.1/crtbegin.o -L/home/e66/imx/gcc-linaro-7.3.1-2018.05-x86_64_arm-linux-gnueabihf/bin/../lib/gcc/arm-linux-gnueabihf/7.3.1 -L/home/e66/imx/gcc-linaro-7.3.1-2018.05-x86_64_arm-linux-gnueabihf/bin/../lib/gcc/arm-linux-gnueabihf -L/home/e66/imx/gcc-linaro-7.3.1-2018.05-x86_64_arm-linux-gnueabihf/bin/../lib/gcc -L/home/e66/imx/gcc-linaro-7.3.1-2018.05-x86_64_arm-linux-gnueabihf/bin/../lib/gcc/arm-linux-gnueabihf/7.3.1/../../../../arm-linux-gnueabihf/lib -L/home/e66/imx/gcc-linaro-7.3.1-2018.05-x86_64_arm-linux-gnueabihf/bin/../arm-linux-gnueabihf/libc/lib -L/home/e66/imx/gcc-linaro-7.3.1-2018.05-x86_64_arm-linux-gnueabihf/bin/../arm-linux-gnueabihf/libc/usr/lib CMakeFiles/cmTC_71720.dir/CMakeCXXCompilerABI.cpp.o -lstdc++ -lm -lgcc_s -lgcc -lc -lgcc_s -lgcc /home/e66/imx/gcc-linaro-7.3.1-2018.05-x86_64_arm-linux-gnueabihf/bin/../lib/gcc/arm-linux-gnueabihf/7.3.1/crtend.o /home/e66/imx/gcc-linaro-7.3.1-2018.05-x86_64_arm-linux-gnueabihf/bin/../arm-linux-gnueabihf/libc/usr/lib/crtn.o
COLLECT_GCC_OPTIONS='-v' '-o' 'cmTC_71720' '-shared-libgcc' '-march=armv7-a' '-mtune=cortex-a9' '-mfloat-abi=hard' '-mfpu=vfpv3-d16' '-mthumb' '-mtls-dialect=gnu'
make[1]: 离开目录“/home/e66/git_work/linux_app_ins_arm_prj/build/CMakeFiles/CMakeTmp”


Parsed CXX implicit link information from above output:
  link line regex: [^( *|.*[/\])(arm-linux-gnueabihf-ld|CMAKE_LINK_STARTFILE-NOTFOUND|([^/\]+-)?ld|collect2)[^/\]*( |$)]
  ignore line: [Change Dir: /home/e66/git_work/linux_app_ins_arm_prj/build/CMakeFiles/CMakeTmp]
  ignore line: []
  ignore line: [Run Build Command:"/usr/bin/make" "cmTC_71720/fast"]
  ignore line: [/usr/bin/make -f CMakeFiles/cmTC_71720.dir/build.make CMakeFiles/cmTC_71720.dir/build]
  ignore line: [make[1]: 进入目录“/home/e66/git_work/linux_app_ins_arm_prj/build/CMakeFiles/CMakeTmp”]
  ignore line: [Building CXX object CMakeFiles/cmTC_71720.dir/CMakeCXXCompilerABI.cpp.o]
  ignore line: [/home/e66/imx/gcc-linaro-7.3.1-2018.05-x86_64_arm-linux-gnueabihf/bin/arm-linux-gnueabihf-g++     -o CMakeFiles/cmTC_71720.dir/CMakeCXXCompilerABI.cpp.o -c /usr/share/cmake-3.10/Modules/CMakeCXXCompilerABI.cpp]
  ignore line: [Linking CXX executable cmTC_71720]
  ignore line: [/usr/bin/cmake -E cmake_link_script CMakeFiles/cmTC_71720.dir/link.txt --verbose=1]
  ignore line: [/home/e66/imx/gcc-linaro-7.3.1-2018.05-x86_64_arm-linux-gnueabihf/bin/arm-linux-gnueabihf-g++      -v CMakeFiles/cmTC_71720.dir/CMakeCXXCompilerABI.cpp.o  -o cmTC_71720 ]
  ignore line: [使用内建 specs。]
  ignore line: [COLLECT_GCC=/home/e66/imx/gcc-linaro-7.3.1-2018.05-x86_64_arm-linux-gnueabihf/bin/arm-linux-gnueabihf-g++]
  ignore line: [COLLECT_LTO_WRAPPER=/home/e66/imx/gcc-linaro-7.3.1-2018.05-x86_64_arm-linux-gnueabihf/bin/../libexec/gcc/arm-linux-gnueabihf/7.3.1/lto-wrapper]
  ignore line: [目标：arm-linux-gnueabihf]
  ignore line: [配置为：'/home/tcwg-buildslave/workspace/tcwg-make-release/builder_arch/amd64/label/tcwg-x86_64-build/target/arm-linux-gnueabihf/snapshots/gcc.git~linaro-7.3-2018.05/configure' SHELL=/bin/bash --with-mpc=/home/tcwg-buildslave/workspace/tcwg-make-release/builder_arch/amd64/label/tcwg-x86_64-build/target/arm-linux-gnueabihf/_build/builds/destdir/x86_64-unknown-linux-gnu --with-mpfr=/home/tcwg-buildslave/workspace/tcwg-make-release/builder_arch/amd64/label/tcwg-x86_64-build/target/arm-linux-gnueabihf/_build/builds/destdir/x86_64-unknown-linux-gnu --with-gmp=/home/tcwg-buildslave/workspace/tcwg-make-release/builder_arch/amd64/label/tcwg-x86_64-build/target/arm-linux-gnueabihf/_build/builds/destdir/x86_64-unknown-linux-gnu --with-gnu-as --with-gnu-ld --disable-libmudflap --enable-lto --enable-shared --without-included-gettext --enable-nls --with-system-zlib --disable-sjlj-exceptions --enable-gnu-unique-object --enable-linker-build-id --disable-libstdcxx-pch --enable-c99 --enable-clocale=gnu --enable-libstdcxx-debug --enable-long-long --with-cloog=no --with-ppl=no --with-isl=no --disable-multilib --with-float=hard --with-fpu=vfpv3-d16 --with-mode=thumb --with-tune=cortex-a9 --with-arch=armv7-a --enable-threads=posix --enable-multiarch --enable-libstdcxx-time=yes --enable-gnu-indirect-function --with-build-sysroot=/home/tcwg-buildslave/workspace/tcwg-make-release/builder_arch/amd64/label/tcwg-x86_64-build/target/arm-linux-gnueabihf/_build/sysroots/arm-linux-gnueabihf --with-sysroot=/home/tcwg-buildslave/workspace/tcwg-make-release/builder_arch/amd64/label/tcwg-x86_64-build/target/arm-linux-gnueabihf/_build/builds/destdir/x86_64-unknown-linux-gnu/arm-linux-gnueabihf/libc --enable-checking=release --disable-bootstrap --enable-languages=c,c++,fortran,lto --build=x86_64-unknown-linux-gnu --host=x86_64-unknown-linux-gnu --target=arm-linux-gnueabihf --prefix=/home/tcwg-buildslave/workspace/tcwg-make-release/builder_arch/amd64/label/tcwg-x86_64-build/target/arm-linux-gnueabihf/_build/builds/destdir/x86_64-unknown-linux-gnu]
  ignore line: [线程模型：posix]
  ignore line: [gcc 版本 7.3.1 20180425 [linaro-7.3-2018.05 revision d29120a424ecfbc167ef90065c0eeb7f91977701] (Linaro GCC 7.3-2018.05) ]
  ignore line: [COMPILER_PATH=/home/e66/imx/gcc-linaro-7.3.1-2018.05-x86_64_arm-linux-gnueabihf/bin/../libexec/gcc/arm-linux-gnueabihf/7.3.1/:/home/e66/imx/gcc-linaro-7.3.1-2018.05-x86_64_arm-linux-gnueabihf/bin/../libexec/gcc/arm-linux-gnueabihf/:/home/e66/imx/gcc-linaro-7.3.1-2018.05-x86_64_arm-linux-gnueabihf/bin/../libexec/gcc/:/home/e66/imx/gcc-linaro-7.3.1-2018.05-x86_64_arm-linux-gnueabihf/bin/../lib/gcc/arm-linux-gnueabihf/7.3.1/../../../../arm-linux-gnueabihf/bin/]
  ignore line: [LIBRARY_PATH=/home/e66/imx/gcc-linaro-7.3.1-2018.05-x86_64_arm-linux-gnueabihf/bin/../lib/gcc/arm-linux-gnueabihf/7.3.1/:/home/e66/imx/gcc-linaro-7.3.1-2018.05-x86_64_arm-linux-gnueabihf/bin/../lib/gcc/arm-linux-gnueabihf/:/home/e66/imx/gcc-linaro-7.3.1-2018.05-x86_64_arm-linux-gnueabihf/bin/../lib/gcc/:/home/e66/imx/gcc-linaro-7.3.1-2018.05-x86_64_arm-linux-gnueabihf/bin/../lib/gcc/arm-linux-gnueabihf/7.3.1/../../../../arm-linux-gnueabihf/lib/:/home/e66/imx/gcc-linaro-7.3.1-2018.05-x86_64_arm-linux-gnueabihf/bin/../arm-linux-gnueabihf/libc/lib/:/home/e66/imx/gcc-linaro-7.3.1-2018.05-x86_64_arm-linux-gnueabihf/bin/../arm-linux-gnueabihf/libc/usr/lib/]
  ignore line: [COLLECT_GCC_OPTIONS='-v' '-o' 'cmTC_71720' '-shared-libgcc' '-march=armv7-a' '-mtune=cortex-a9' '-mfloat-abi=hard' '-mfpu=vfpv3-d16' '-mthumb' '-mtls-dialect=gnu']
  link line: [ /home/e66/imx/gcc-linaro-7.3.1-2018.05-x86_64_arm-linux-gnueabihf/bin/../libexec/gcc/arm-linux-gnueabihf/7.3.1/collect2 -plugin /home/e66/imx/gcc-linaro-7.3.1-2018.05-x86_64_arm-linux-gnueabihf/bin/../libexec/gcc/arm-linux-gnueabihf/7.3.1/liblto_plugin.so -plugin-opt=/home/e66/imx/gcc-linaro-7.3.1-2018.05-x86_64_arm-linux-gnueabihf/bin/../libexec/gcc/arm-linux-gnueabihf/7.3.1/lto-wrapper -plugin-opt=-fresolution=/tmp/ccOWyNLG.res -plugin-opt=-pass-through=-lgcc_s -plugin-opt=-pass-through=-lgcc -plugin-opt=-pass-through=-lc -plugin-opt=-pass-through=-lgcc_s -plugin-opt=-pass-through=-lgcc --sysroot=/home/e66/imx/gcc-linaro-7.3.1-2018.05-x86_64_arm-linux-gnueabihf/bin/../arm-linux-gnueabihf/libc --build-id --eh-frame-hdr -dynamic-linker /lib/ld-linux-armhf.so.3 -X -m armelf_linux_eabi -o cmTC_71720 /home/e66/imx/gcc-linaro-7.3.1-2018.05-x86_64_arm-linux-gnueabihf/bin/../arm-linux-gnueabihf/libc/usr/lib/crt1.o /home/e66/imx/gcc-linaro-7.3.1-2018.05-x86_64_arm-linux-gnueabihf/bin/../arm-linux-gnueabihf/libc/usr/lib/crti.o /home/e66/imx/gcc-linaro-7.3.1-2018.05-x86_64_arm-linux-gnueabihf/bin/../lib/gcc/arm-linux-gnueabihf/7.3.1/crtbegin.o -L/home/e66/imx/gcc-linaro-7.3.1-2018.05-x86_64_arm-linux-gnueabihf/bin/../lib/gcc/arm-linux-gnueabihf/7.3.1 -L/home/e66/imx/gcc-linaro-7.3.1-2018.05-x86_64_arm-linux-gnueabihf/bin/../lib/gcc/arm-linux-gnueabihf -L/home/e66/imx/gcc-linaro-7.3.1-2018.05-x86_64_arm-linux-gnueabihf/bin/../lib/gcc -L/home/e66/imx/gcc-linaro-7.3.1-2018.05-x86_64_arm-linux-gnueabihf/bin/../lib/gcc/arm-linux-gnueabihf/7.3.1/../../../../arm-linux-gnueabihf/lib -L/home/e66/imx/gcc-linaro-7.3.1-2018.05-x86_64_arm-linux-gnueabihf/bin/../arm-linux-gnueabihf/libc/lib -L/home/e66/imx/gcc-linaro-7.3.1-2018.05-x86_64_arm-linux-gnueabihf/bin/../arm-linux-gnueabihf/libc/usr/lib CMakeFiles/cmTC_71720.dir/CMakeCXXCompilerABI.cpp.o -lstdc++ -lm -lgcc_s -lgcc -lc -lgcc_s -lgcc /home/e66/imx/gcc-linaro-7.3.1-2018.05-x86_64_arm-linux-gnueabihf/bin/../lib/gcc/arm-linux-gnueabihf/7.3.1/crtend.o /home/e66/imx/gcc-linaro-7.3.1-2018.05-x86_64_arm-linux-gnueabihf/bin/../arm-linux-gnueabihf/libc/usr/lib/crtn.o]
    arg [/home/e66/imx/gcc-linaro-7.3.1-2018.05-x86_64_arm-linux-gnueabihf/bin/../libexec/gcc/arm-linux-gnueabihf/7.3.1/collect2] ==> ignore
    arg [-plugin] ==> ignore
    arg [/home/e66/imx/gcc-linaro-7.3.1-2018.05-x86_64_arm-linux-gnueabihf/bin/../libexec/gcc/arm-linux-gnueabihf/7.3.1/liblto_plugin.so] ==> ignore
    arg [-plugin-opt=/home/e66/imx/gcc-linaro-7.3.1-2018.05-x86_64_arm-linux-gnueabihf/bin/../libexec/gcc/arm-linux-gnueabihf/7.3.1/lto-wrapper] ==> ignore
    arg [-plugin-opt=-fresolution=/tmp/ccOWyNLG.res] ==> ignore
    arg [-plugin-opt=-pass-through=-lgcc_s] ==> ignore
    arg [-plugin-opt=-pass-through=-lgcc] ==> ignore
    arg [-plugin-opt=-pass-through=-lc] ==> ignore
    arg [-plugin-opt=-pass-through=-lgcc_s] ==> ignore
    arg [-plugin-opt=-pass-through=-lgcc] ==> ignore
    arg [--sysroot=/home/e66/imx/gcc-linaro-7.3.1-2018.05-x86_64_arm-linux-gnueabihf/bin/../arm-linux-gnueabihf/libc] ==> ignore
    arg [--build-id] ==> ignore
    arg [--eh-frame-hdr] ==> ignore
    arg [-dynamic-linker] ==> ignore
    arg [/lib/ld-linux-armhf.so.3] ==> ignore
    arg [-X] ==> ignore
    arg [-m] ==> ignore
    arg [armelf_linux_eabi] ==> ignore
    arg [-o] ==> ignore
    arg [cmTC_71720] ==> ignore
    arg [/home/e66/imx/gcc-linaro-7.3.1-2018.05-x86_64_arm-linux-gnueabihf/bin/../arm-linux-gnueabihf/libc/usr/lib/crt1.o] ==> ignore
    arg [/home/e66/imx/gcc-linaro-7.3.1-2018.05-x86_64_arm-linux-gnueabihf/bin/../arm-linux-gnueabihf/libc/usr/lib/crti.o] ==> ignore
    arg [/home/e66/imx/gcc-linaro-7.3.1-2018.05-x86_64_arm-linux-gnueabihf/bin/../lib/gcc/arm-linux-gnueabihf/7.3.1/crtbegin.o] ==> ignore
    arg [-L/home/e66/imx/gcc-linaro-7.3.1-2018.05-x86_64_arm-linux-gnueabihf/bin/../lib/gcc/arm-linux-gnueabihf/7.3.1] ==> dir [/home/e66/imx/gcc-linaro-7.3.1-2018.05-x86_64_arm-linux-gnueabihf/bin/../lib/gcc/arm-linux-gnueabihf/7.3.1]
    arg [-L/home/e66/imx/gcc-linaro-7.3.1-2018.05-x86_64_arm-linux-gnueabihf/bin/../lib/gcc/arm-linux-gnueabihf] ==> dir [/home/e66/imx/gcc-linaro-7.3.1-2018.05-x86_64_arm-linux-gnueabihf/bin/../lib/gcc/arm-linux-gnueabihf]
    arg [-L/home/e66/imx/gcc-linaro-7.3.1-2018.05-x86_64_arm-linux-gnueabihf/bin/../lib/gcc] ==> dir [/home/e66/imx/gcc-linaro-7.3.1-2018.05-x86_64_arm-linux-gnueabihf/bin/../lib/gcc]
    arg [-L/home/e66/imx/gcc-linaro-7.3.1-2018.05-x86_64_arm-linux-gnueabihf/bin/../lib/gcc/arm-linux-gnueabihf/7.3.1/../../../../arm-linux-gnueabihf/lib] ==> dir [/home/e66/imx/gcc-linaro-7.3.1-2018.05-x86_64_arm-linux-gnueabihf/bin/../lib/gcc/arm-linux-gnueabihf/7.3.1/../../../../arm-linux-gnueabihf/lib]
    arg [-L/home/e66/imx/gcc-linaro-7.3.1-2018.05-x86_64_arm-linux-gnueabihf/bin/../arm-linux-gnueabihf/libc/lib] ==> dir [/home/e66/imx/gcc-linaro-7.3.1-2018.05-x86_64_arm-linux-gnueabihf/bin/../arm-linux-gnueabihf/libc/lib]
    arg [-L/home/e66/imx/gcc-linaro-7.3.1-2018.05-x86_64_arm-linux-gnueabihf/bin/../arm-linux-gnueabihf/libc/usr/lib] ==> dir [/home/e66/imx/gcc-linaro-7.3.1-2018.05-x86_64_arm-linux-gnueabihf/bin/../arm-linux-gnueabihf/libc/usr/lib]
    arg [CMakeFiles/cmTC_71720.dir/CMakeCXXCompilerABI.cpp.o] ==> ignore
    arg [-lstdc++] ==> lib [stdc++]
    arg [-lm] ==> lib [m]
    arg [-lgcc_s] ==> lib [gcc_s]
    arg [-lgcc] ==> lib [gcc]
    arg [-lc] ==> lib [c]
    arg [-lgcc_s] ==> lib [gcc_s]
    arg [-lgcc] ==> lib [gcc]
    arg [/home/e66/imx/gcc-linaro-7.3.1-2018.05-x86_64_arm-linux-gnueabihf/bin/../lib/gcc/arm-linux-gnueabihf/7.3.1/crtend.o] ==> ignore
    arg [/home/e66/imx/gcc-linaro-7.3.1-2018.05-x86_64_arm-linux-gnueabihf/bin/../arm-linux-gnueabihf/libc/usr/lib/crtn.o] ==> ignore
  collapse library dir [/home/e66/imx/gcc-linaro-7.3.1-2018.05-x86_64_arm-linux-gnueabihf/bin/../lib/gcc/arm-linux-gnueabihf/7.3.1] ==> [/home/e66/imx/gcc-linaro-7.3.1-2018.05-x86_64_arm-linux-gnueabihf/lib/gcc/arm-linux-gnueabihf/7.3.1]
  collapse library dir [/home/e66/imx/gcc-linaro-7.3.1-2018.05-x86_64_arm-linux-gnueabihf/bin/../lib/gcc/arm-linux-gnueabihf] ==> [/home/e66/imx/gcc-linaro-7.3.1-2018.05-x86_64_arm-linux-gnueabihf/lib/gcc/arm-linux-gnueabihf]
  collapse library dir [/home/e66/imx/gcc-linaro-7.3.1-2018.05-x86_64_arm-linux-gnueabihf/bin/../lib/gcc] ==> [/home/e66/imx/gcc-linaro-7.3.1-2018.05-x86_64_arm-linux-gnueabihf/lib/gcc]
  collapse library dir [/home/e66/imx/gcc-linaro-7.3.1-2018.05-x86_64_arm-linux-gnueabihf/bin/../lib/gcc/arm-linux-gnueabihf/7.3.1/../../../../arm-linux-gnueabihf/lib] ==> [/home/e66/imx/gcc-linaro-7.3.1-2018.05-x86_64_arm-linux-gnueabihf/arm-linux-gnueabihf/lib]
  collapse library dir [/home/e66/imx/gcc-linaro-7.3.1-2018.05-x86_64_arm-linux-gnueabihf/bin/../arm-linux-gnueabihf/libc/lib] ==> [/home/e66/imx/gcc-linaro-7.3.1-2018.05-x86_64_arm-linux-gnueabihf/arm-linux-gnueabihf/libc/lib]
  collapse library dir [/home/e66/imx/gcc-linaro-7.3.1-2018.05-x86_64_arm-linux-gnueabihf/bin/../arm-linux-gnueabihf/libc/usr/lib] ==> [/home/e66/imx/gcc-linaro-7.3.1-2018.05-x86_64_arm-linux-gnueabihf/arm-linux-gnueabihf/libc/usr/lib]
  implicit libs: [stdc++;m;gcc_s;gcc;c;gcc_s;gcc]
  implicit dirs: [/home/e66/imx/gcc-linaro-7.3.1-2018.05-x86_64_arm-linux-gnueabihf/lib/gcc/arm-linux-gnueabihf/7.3.1;/home/e66/imx/gcc-linaro-7.3.1-2018.05-x86_64_arm-linux-gnueabihf/lib/gcc/arm-linux-gnueabihf;/home/e66/imx/gcc-linaro-7.3.1-2018.05-x86_64_arm-linux-gnueabihf/lib/gcc;/home/e66/imx/gcc-linaro-7.3.1-2018.05-x86_64_arm-linux-gnueabihf/arm-linux-gnueabihf/lib;/home/e66/imx/gcc-linaro-7.3.1-2018.05-x86_64_arm-linux-gnueabihf/arm-linux-gnueabihf/libc/lib;/home/e66/imx/gcc-linaro-7.3.1-2018.05-x86_64_arm-linux-gnueabihf/arm-linux-gnueabihf/libc/usr/lib]
  implicit fwks: []




Detecting CXX [-std=c++1z] compiler features compiled with the following output:
Change Dir: /home/e66/git_work/linux_app_ins_arm_prj/build/CMakeFiles/CMakeTmp

Run Build Command:"/usr/bin/make" "cmTC_7e454/fast"
/usr/bin/make -f CMakeFiles/cmTC_7e454.dir/build.make CMakeFiles/cmTC_7e454.dir/build
make[1]: 进入目录“/home/e66/git_work/linux_app_ins_arm_prj/build/CMakeFiles/CMakeTmp”
Building CXX object CMakeFiles/cmTC_7e454.dir/feature_tests.cxx.o
/home/e66/imx/gcc-linaro-7.3.1-2018.05-x86_64_arm-linux-gnueabihf/bin/arm-linux-gnueabihf-g++    -std=c++1z -o CMakeFiles/cmTC_7e454.dir/feature_tests.cxx.o -c /home/e66/git_work/linux_app_ins_arm_prj/build/CMakeFiles/feature_tests.cxx
Linking CXX executable cmTC_7e454
/usr/bin/cmake -E cmake_link_script CMakeFiles/cmTC_7e454.dir/link.txt --verbose=1
/home/e66/imx/gcc-linaro-7.3.1-2018.05-x86_64_arm-linux-gnueabihf/bin/arm-linux-gnueabihf-g++       CMakeFiles/cmTC_7e454.dir/feature_tests.cxx.o  -o cmTC_7e454 
make[1]: 离开目录“/home/e66/git_work/linux_app_ins_arm_prj/build/CMakeFiles/CMakeTmp”


    Feature record: CXX_FEATURE:1cxx_aggregate_default_initializers
    Feature record: CXX_FEATURE:1cxx_alias_templates
    Feature record: CXX_FEATURE:1cxx_alignas
    Feature record: CXX_FEATURE:1cxx_alignof
    Feature record: CXX_FEATURE:1cxx_attributes
    Feature record: CXX_FEATURE:1cxx_attribute_deprecated
    Feature record: CXX_FEATURE:1cxx_auto_type
    Feature record: CXX_FEATURE:1cxx_binary_literals
    Feature record: CXX_FEATURE:1cxx_constexpr
    Feature record: CXX_FEATURE:1cxx_contextual_conversions
    Feature record: CXX_FEATURE:1cxx_decltype
    Feature record: CXX_FEATURE:1cxx_decltype_auto
    Feature record: CXX_FEATURE:1cxx_decltype_incomplete_return_types
    Feature record: CXX_FEATURE:1cxx_default_function_template_args
    Feature record: CXX_FEATURE:1cxx_defaulted_functions
    Feature record: CXX_FEATURE:1cxx_defaulted_move_initializers
    Feature record: CXX_FEATURE:1cxx_delegating_constructors
    Feature record: CXX_FEATURE:1cxx_deleted_functions
    Feature record: CXX_FEATURE:1cxx_digit_separators
    Feature record: CXX_FEATURE:1cxx_enum_forward_declarations
    Feature record: CXX_FEATURE:1cxx_explicit_conversions
    Feature record: CXX_FEATURE:1cxx_extended_friend_declarations
    Feature record: CXX_FEATURE:1cxx_extern_templates
    Feature record: CXX_FEATURE:1cxx_final
    Feature record: CXX_FEATURE:1cxx_func_identifier
    Feature record: CXX_FEATURE:1cxx_generalized_initializers
    Feature record: CXX_FEATURE:1cxx_generic_lambdas
    Feature record: CXX_FEATURE:1cxx_inheriting_constructors
    Feature record: CXX_FEATURE:1cxx_inline_namespaces
    Feature record: CXX_FEATURE:1cxx_lambdas
    Feature record: CXX_FEATURE:1cxx_lambda_init_captures
    Feature record: CXX_FEATURE:1cxx_local_type_template_args
    Feature record: CXX_FEATURE:1cxx_long_long_type
    Feature record: CXX_FEATURE:1cxx_noexcept
    Feature record: CXX_FEATURE:1cxx_nonstatic_member_init
    Feature record: CXX_FEATURE:1cxx_nullptr
    Feature record: CXX_FEATURE:1cxx_override
    Feature record: CXX_FEATURE:1cxx_range_for
    Feature record: CXX_FEATURE:1cxx_raw_string_literals
    Feature record: CXX_FEATURE:1cxx_reference_qualified_functions
    Feature record: CXX_FEATURE:1cxx_relaxed_constexpr
    Feature record: CXX_FEATURE:1cxx_return_type_deduction
    Feature record: CXX_FEATURE:1cxx_right_angle_brackets
    Feature record: CXX_FEATURE:1cxx_rvalue_references
    Feature record: CXX_FEATURE:1cxx_sizeof_member
    Feature record: CXX_FEATURE:1cxx_static_assert
    Feature record: CXX_FEATURE:1cxx_strong_enums
    Feature record: CXX_FEATURE:1cxx_template_template_parameters
    Feature record: CXX_FEATURE:1cxx_thread_local
    Feature record: CXX_FEATURE:1cxx_trailing_return_types
    Feature record: CXX_FEATURE:1cxx_unicode_literals
    Feature record: CXX_FEATURE:1cxx_uniform_initialization
    Feature record: CXX_FEATURE:1cxx_unrestricted_unions
    Feature record: CXX_FEATURE:1cxx_user_literals
    Feature record: CXX_FEATURE:1cxx_variable_templates
    Feature record: CXX_FEATURE:1cxx_variadic_macros
    Feature record: CXX_FEATURE:1cxx_variadic_templates


Detecting CXX [-std=c++14] compiler features compiled with the following output:
Change Dir: /home/e66/git_work/linux_app_ins_arm_prj/build/CMakeFiles/CMakeTmp

Run Build Command:"/usr/bin/make" "cmTC_0bf22/fast"
/usr/bin/make -f CMakeFiles/cmTC_0bf22.dir/build.make CMakeFiles/cmTC_0bf22.dir/build
make[1]: 进入目录“/home/e66/git_work/linux_app_ins_arm_prj/build/CMakeFiles/CMakeTmp”
Building CXX object CMakeFiles/cmTC_0bf22.dir/feature_tests.cxx.o
/home/e66/imx/gcc-linaro-7.3.1-2018.05-x86_64_arm-linux-gnueabihf/bin/arm-linux-gnueabihf-g++    -std=c++14 -o CMakeFiles/cmTC_0bf22.dir/feature_tests.cxx.o -c /home/e66/git_work/linux_app_ins_arm_prj/build/CMakeFiles/feature_tests.cxx
Linking CXX executable cmTC_0bf22
/usr/bin/cmake -E cmake_link_script CMakeFiles/cmTC_0bf22.dir/link.txt --verbose=1
/home/e66/imx/gcc-linaro-7.3.1-2018.05-x86_64_arm-linux-gnueabihf/bin/arm-linux-gnueabihf-g++       CMakeFiles/cmTC_0bf22.dir/feature_tests.cxx.o  -o cmTC_0bf22 
make[1]: 离开目录“/home/e66/git_work/linux_app_ins_arm_prj/build/CMakeFiles/CMakeTmp”


    Feature record: CXX_FEATURE:1cxx_aggregate_default_initializers
    Feature record: CXX_FEATURE:1cxx_alias_templates
    Feature record: CXX_FEATURE:1cxx_alignas
    Feature record: CXX_FEATURE:1cxx_alignof
    Feature record: CXX_FEATURE:1cxx_attributes
    Feature record: CXX_FEATURE:1cxx_attribute_deprecated
    Feature record: CXX_FEATURE:1cxx_auto_type
    Feature record: CXX_FEATURE:1cxx_binary_literals
    Feature record: CXX_FEATURE:1cxx_constexpr
    Feature record: CXX_FEATURE:1cxx_contextual_conversions
    Feature record: CXX_FEATURE:1cxx_decltype
    Feature record: CXX_FEATURE:1cxx_decltype_auto
    Feature record: CXX_FEATURE:1cxx_decltype_incomplete_return_types
    Feature record: CXX_FEATURE:1cxx_default_function_template_args
    Feature record: CXX_FEATURE:1cxx_defaulted_functions
    Feature record: CXX_FEATURE:1cxx_defaulted_move_initializers
    Feature record: CXX_FEATURE:1cxx_delegating_constructors
    Feature record: CXX_FEATURE:1cxx_deleted_functions
    Feature record: CXX_FEATURE:1cxx_digit_separators
    Feature record: CXX_FEATURE:1cxx_enum_forward_declarations
    Feature record: CXX_FEATURE:1cxx_explicit_conversions
    Feature record: CXX_FEATURE:1cxx_extended_friend_declarations
    Feature record: CXX_FEATURE:1cxx_extern_templates
    Feature record: CXX_FEATURE:1cxx_final
    Feature record: CXX_FEATURE:1cxx_func_identifier
    Feature record: CXX_FEATURE:1cxx_generalized_initializers
    Feature record: CXX_FEATURE:1cxx_generic_lambdas
    Feature record: CXX_FEATURE:1cxx_inheriting_constructors
    Feature record: CXX_FEATURE:1cxx_inline_namespaces
    Feature record: CXX_FEATURE:1cxx_lambdas
    Feature record: CXX_FEATURE:1cxx_lambda_init_captures
    Feature record: CXX_FEATURE:1cxx_local_type_template_args
    Feature record: CXX_FEATURE:1cxx_long_long_type
    Feature record: CXX_FEATURE:1cxx_noexcept
    Feature record: CXX_FEATURE:1cxx_nonstatic_member_init
    Feature record: CXX_FEATURE:1cxx_nullptr
    Feature record: CXX_FEATURE:1cxx_override
    Feature record: CXX_FEATURE:1cxx_range_for
    Feature record: CXX_FEATURE:1cxx_raw_string_literals
    Feature record: CXX_FEATURE:1cxx_reference_qualified_functions
    Feature record: CXX_FEATURE:1cxx_relaxed_constexpr
    Feature record: CXX_FEATURE:1cxx_return_type_deduction
    Feature record: CXX_FEATURE:1cxx_right_angle_brackets
    Feature record: CXX_FEATURE:1cxx_rvalue_references
    Feature record: CXX_FEATURE:1cxx_sizeof_member
    Feature record: CXX_FEATURE:1cxx_static_assert
    Feature record: CXX_FEATURE:1cxx_strong_enums
    Feature record: CXX_FEATURE:1cxx_template_template_parameters
    Feature record: CXX_FEATURE:1cxx_thread_local
    Feature record: CXX_FEATURE:1cxx_trailing_return_types
    Feature record: CXX_FEATURE:1cxx_unicode_literals
    Feature record: CXX_FEATURE:1cxx_uniform_initialization
    Feature record: CXX_FEATURE:1cxx_unrestricted_unions
    Feature record: CXX_FEATURE:1cxx_user_literals
    Feature record: CXX_FEATURE:1cxx_variable_templates
    Feature record: CXX_FEATURE:1cxx_variadic_macros
    Feature record: CXX_FEATURE:1cxx_variadic_templates


Detecting CXX [-std=c++11] compiler features compiled with the following output:
Change Dir: /home/e66/git_work/linux_app_ins_arm_prj/build/CMakeFiles/CMakeTmp

Run Build Command:"/usr/bin/make" "cmTC_92716/fast"
/usr/bin/make -f CMakeFiles/cmTC_92716.dir/build.make CMakeFiles/cmTC_92716.dir/build
make[1]: 进入目录“/home/e66/git_work/linux_app_ins_arm_prj/build/CMakeFiles/CMakeTmp”
Building CXX object CMakeFiles/cmTC_92716.dir/feature_tests.cxx.o
/home/e66/imx/gcc-linaro-7.3.1-2018.05-x86_64_arm-linux-gnueabihf/bin/arm-linux-gnueabihf-g++    -std=c++11 -o CMakeFiles/cmTC_92716.dir/feature_tests.cxx.o -c /home/e66/git_work/linux_app_ins_arm_prj/build/CMakeFiles/feature_tests.cxx
Linking CXX executable cmTC_92716
/usr/bin/cmake -E cmake_link_script CMakeFiles/cmTC_92716.dir/link.txt --verbose=1
/home/e66/imx/gcc-linaro-7.3.1-2018.05-x86_64_arm-linux-gnueabihf/bin/arm-linux-gnueabihf-g++       CMakeFiles/cmTC_92716.dir/feature_tests.cxx.o  -o cmTC_92716 
make[1]: 离开目录“/home/e66/git_work/linux_app_ins_arm_prj/build/CMakeFiles/CMakeTmp”


    Feature record: CXX_FEATURE:0cxx_aggregate_default_initializers
    Feature record: CXX_FEATURE:1cxx_alias_templates
    Feature record: CXX_FEATURE:1cxx_alignas
    Feature record: CXX_FEATURE:1cxx_alignof
    Feature record: CXX_FEATURE:1cxx_attributes
    Feature record: CXX_FEATURE:0cxx_attribute_deprecated
    Feature record: CXX_FEATURE:1cxx_auto_type
    Feature record: CXX_FEATURE:0cxx_binary_literals
    Feature record: CXX_FEATURE:1cxx_constexpr
    Feature record: CXX_FEATURE:0cxx_contextual_conversions
    Feature record: CXX_FEATURE:1cxx_decltype
    Feature record: CXX_FEATURE:0cxx_decltype_auto
    Feature record: CXX_FEATURE:1cxx_decltype_incomplete_return_types
    Feature record: CXX_FEATURE:1cxx_default_function_template_args
    Feature record: CXX_FEATURE:1cxx_defaulted_functions
    Feature record: CXX_FEATURE:1cxx_defaulted_move_initializers
    Feature record: CXX_FEATURE:1cxx_delegating_constructors
    Feature record: CXX_FEATURE:1cxx_deleted_functions
    Feature record: CXX_FEATURE:0cxx_digit_separators
    Feature record: CXX_FEATURE:1cxx_enum_forward_declarations
    Feature record: CXX_FEATURE:1cxx_explicit_conversions
    Feature record: CXX_FEATURE:1cxx_extended_friend_declarations
    Feature record: CXX_FEATURE:1cxx_extern_templates
    Feature record: CXX_FEATURE:1cxx_final
    Feature record: CXX_FEATURE:1cxx_func_identifier
    Feature record: CXX_FEATURE:1cxx_generalized_initializers
    Feature record: CXX_FEATURE:0cxx_generic_lambdas
    Feature record: CXX_FEATURE:1cxx_inheriting_constructors
    Feature record: CXX_FEATURE:1cxx_inline_namespaces
    Feature record: CXX_FEATURE:1cxx_lambdas
    Feature record: CXX_FEATURE:0cxx_lambda_init_captures
    Feature record: CXX_FEATURE:1cxx_local_type_template_args
    Feature record: CXX_FEATURE:1cxx_long_long_type
    Feature record: CXX_FEATURE:1cxx_noexcept
    Feature record: CXX_FEATURE:1cxx_nonstatic_member_init
    Feature record: CXX_FEATURE:1cxx_nullptr
    Feature record: CXX_FEATURE:1cxx_override
    Feature record: CXX_FEATURE:1cxx_range_for
    Feature record: CXX_FEATURE:1cxx_raw_string_literals
    Feature record: CXX_FEATURE:1cxx_reference_qualified_functions
    Feature record: CXX_FEATURE:0cxx_relaxed_constexpr
    Feature record: CXX_FEATURE:0cxx_return_type_deduction
    Feature record: CXX_FEATURE:1cxx_right_angle_brackets
    Feature record: CXX_FEATURE:1cxx_rvalue_references
    Feature record: CXX_FEATURE:1cxx_sizeof_member
    Feature record: CXX_FEATURE:1cxx_static_assert
    Feature record: CXX_FEATURE:1cxx_strong_enums
    Feature record: CXX_FEATURE:1cxx_template_template_parameters
    Feature record: CXX_FEATURE:1cxx_thread_local
    Feature record: CXX_FEATURE:1cxx_trailing_return_types
    Feature record: CXX_FEATURE:1cxx_unicode_literals
    Feature record: CXX_FEATURE:1cxx_uniform_initialization
    Feature record: CXX_FEATURE:1cxx_unrestricted_unions
    Feature record: CXX_FEATURE:1cxx_user_literals
    Feature record: CXX_FEATURE:0cxx_variable_templates
    Feature record: CXX_FEATURE:1cxx_variadic_macros
    Feature record: CXX_FEATURE:1cxx_variadic_templates


Detecting CXX [-std=c++98] compiler features compiled with the following output:
Change Dir: /home/e66/git_work/linux_app_ins_arm_prj/build/CMakeFiles/CMakeTmp

Run Build Command:"/usr/bin/make" "cmTC_e8a98/fast"
/usr/bin/make -f CMakeFiles/cmTC_e8a98.dir/build.make CMakeFiles/cmTC_e8a98.dir/build
make[1]: 进入目录“/home/e66/git_work/linux_app_ins_arm_prj/build/CMakeFiles/CMakeTmp”
Building CXX object CMakeFiles/cmTC_e8a98.dir/feature_tests.cxx.o
/home/e66/imx/gcc-linaro-7.3.1-2018.05-x86_64_arm-linux-gnueabihf/bin/arm-linux-gnueabihf-g++    -std=c++98 -o CMakeFiles/cmTC_e8a98.dir/feature_tests.cxx.o -c /home/e66/git_work/linux_app_ins_arm_prj/build/CMakeFiles/feature_tests.cxx
Linking CXX executable cmTC_e8a98
/usr/bin/cmake -E cmake_link_script CMakeFiles/cmTC_e8a98.dir/link.txt --verbose=1
/home/e66/imx/gcc-linaro-7.3.1-2018.05-x86_64_arm-linux-gnueabihf/bin/arm-linux-gnueabihf-g++       CMakeFiles/cmTC_e8a98.dir/feature_tests.cxx.o  -o cmTC_e8a98 
make[1]: 离开目录“/home/e66/git_work/linux_app_ins_arm_prj/build/CMakeFiles/CMakeTmp”


    Feature record: CXX_FEATURE:0cxx_aggregate_default_initializers
    Feature record: CXX_FEATURE:0cxx_alias_templates
    Feature record: CXX_FEATURE:0cxx_alignas
    Feature record: CXX_FEATURE:0cxx_alignof
    Feature record: CXX_FEATURE:0cxx_attributes
    Feature record: CXX_FEATURE:0cxx_attribute_deprecated
    Feature record: CXX_FEATURE:0cxx_auto_type
    Feature record: CXX_FEATURE:0cxx_binary_literals
    Feature record: CXX_FEATURE:0cxx_constexpr
    Feature record: CXX_FEATURE:0cxx_contextual_conversions
    Feature record: CXX_FEATURE:0cxx_decltype
    Feature record: CXX_FEATURE:0cxx_decltype_auto
    Feature record: CXX_FEATURE:0cxx_decltype_incomplete_return_types
    Feature record: CXX_FEATURE:0cxx_default_function_template_args
    Feature record: CXX_FEATURE:0cxx_defaulted_functions
    Feature record: CXX_FEATURE:0cxx_defaulted_move_initializers
    Feature record: CXX_FEATURE:0cxx_delegating_constructors
    Feature record: CXX_FEATURE:0cxx_deleted_functions
    Feature record: CXX_FEATURE:0cxx_digit_separators
    Feature record: CXX_FEATURE:0cxx_enum_forward_declarations
    Feature record: CXX_FEATURE:0cxx_explicit_conversions
    Feature record: CXX_FEATURE:0cxx_extended_friend_declarations
    Feature record: CXX_FEATURE:0cxx_extern_templates
    Feature record: CXX_FEATURE:0cxx_final
    Feature record: CXX_FEATURE:0cxx_func_identifier
    Feature record: CXX_FEATURE:0cxx_generalized_initializers
    Feature record: CXX_FEATURE:0cxx_generic_lambdas
    Feature record: CXX_FEATURE:0cxx_inheriting_constructors
    Feature record: CXX_FEATURE:0cxx_inline_namespaces
    Feature record: CXX_FEATURE:0cxx_lambdas
    Feature record: CXX_FEATURE:0cxx_lambda_init_captures
    Feature record: CXX_FEATURE:0cxx_local_type_template_args
    Feature record: CXX_FEATURE:0cxx_long_long_type
    Feature record: CXX_FEATURE:0cxx_noexcept
    Feature record: CXX_FEATURE:0cxx_nonstatic_member_init
    Feature record: CXX_FEATURE:0cxx_nullptr
    Feature record: CXX_FEATURE:0cxx_override
    Feature record: CXX_FEATURE:0cxx_range_for
    Feature record: CXX_FEATURE:0cxx_raw_string_literals
    Feature record: CXX_FEATURE:0cxx_reference_qualified_functions
    Feature record: CXX_FEATURE:0cxx_relaxed_constexpr
    Feature record: CXX_FEATURE:0cxx_return_type_deduction
    Feature record: CXX_FEATURE:0cxx_right_angle_brackets
    Feature record: CXX_FEATURE:0cxx_rvalue_references
    Feature record: CXX_FEATURE:0cxx_sizeof_member
    Feature record: CXX_FEATURE:0cxx_static_assert
    Feature record: CXX_FEATURE:0cxx_strong_enums
    Feature record: CXX_FEATURE:1cxx_template_template_parameters
    Feature record: CXX_FEATURE:0cxx_thread_local
    Feature record: CXX_FEATURE:0cxx_trailing_return_types
    Feature record: CXX_FEATURE:0cxx_unicode_literals
    Feature record: CXX_FEATURE:0cxx_uniform_initialization
    Feature record: CXX_FEATURE:0cxx_unrestricted_unions
    Feature record: CXX_FEATURE:0cxx_user_literals
    Feature record: CXX_FEATURE:0cxx_variable_templates
    Feature record: CXX_FEATURE:0cxx_variadic_macros
    Feature record: CXX_FEATURE:0cxx_variadic_templates
